{"numTotalTestSuites":3,"numPassedTestSuites":3,"numFailedTestSuites":0,"numPendingTestSuites":0,"numTotalTests":18,"numPassedTests":18,"numFailedTests":0,"numPendingTests":0,"numTodoTests":0,"snapshot":{"added":0,"failure":false,"filesAdded":0,"filesRemoved":0,"filesRemovedList":[],"filesUnmatched":0,"filesUpdated":0,"matched":0,"total":0,"unchecked":0,"uncheckedKeysByFile":[],"unmatched":0,"updated":0,"didUpdate":false},"startTime":1786283607357,"success":true,"testResults":[{"assertionResults":[{"ancestorTitles":["PROOF: Offline login credentials"],"fullName":"PROOF: Offline login credentials cache + validate correct password","status":"passed","title":"cache + validate correct password","duration":160.60310000000004,"failureMessages":[],"meta":{}},{"ancestorTitles":["PROOF: Offline login credentials"],"fullName":"PROOF: Offline login credentials wrong password rejected","status":"passed","title":"wrong password rejected","duration":151.15830000000005,"failureMessages":[],"meta":{}},{"ancestorTitles":["PROOF: Offline login credentials"],"fullName":"PROOF: Offline login credentials unknown email rejected","status":"passed","title":"unknown email rejected","duration":0.5495999999998276,"failureMessages":[],"meta":{}},{"ancestorTitles":["PROOF: Offline login credentials"],"fullName":"PROOF: Offline login credentials email match is case-insensitive","status":"passed","title":"email match is case-insensitive","duration":149.69589999999994,"failureMessages":[],"meta":{}},{"ancestorTitles":["PROOF: Offline login credentials"],"fullName":"PROOF: Offline login credentials multi-user cache keeps both","status":"passed","title":"multi-user cache keeps both","duration":303.5220999999999,"failureMessages":[],"meta":{}},{"ancestorTitles":["PROOF: Offline login credentials"],"fullName":"PROOF: Offline login credentials evicts oldest beyond MAX_OFFLINE_USERS (10)","status":"passed","title":"evicts oldest beyond MAX_OFFLINE_USERS (10)","duration":895.0769999999998,"failureMessages":[],"meta":{}},{"ancestorTitles":["PROOF: Offline login credentials"],"fullName":"PROOF: Offline login credentials offline session token prefix is distinct","status":"passed","title":"offline session token prefix is distinct","duration":0.5380000000000109,"failureMessages":[],"meta":{}},{"ancestorTitles":["PROOF: Offline login credentials"],"fullName":"PROOF: Offline login credentials beginOfflineLoginSession isolates identity (no JWT/RT reuse, no foreign RBAC)","status":"passed","title":"beginOfflineLoginSession isolates identity (no JWT/RT reuse, no foreign RBAC)","duration":76.60010000000011,"failureMessages":[],"meta":{}},{"ancestorTitles":["PROOF: Offline login credentials"],"fullName":"PROOF: Offline login credentials LoginPage never reuses existing JWT for offline login","status":"passed","title":"LoginPage never reuses existing JWT for offline login","duration":0.7008999999998196,"failureMessages":[],"meta":{}},{"ancestorTitles":["PROOF: Offline login credentials"],"fullName":"PROOF: Offline login credentials clearTokens key list does not include offline credentials","status":"passed","title":"clearTokens key list does not include offline credentials","duration":0.5626999999999498,"failureMessages":[],"meta":{}},{"ancestorTitles":["PROOF: Offline login credentials"],"fullName":"PROOF: Offline login credentials LoginPage uses offline module + navigator/offline fallback","status":"passed","title":"LoginPage uses offline module + navigator/offline fallback","duration":0.49290000000019063,"failureMessages":[],"meta":{}},{"ancestorTitles":["PROOF: PIN / quick-login public recovery"],"fullName":"PROOF: PIN / quick-login public recovery pin-only and users endpoints are public (no access token)","status":"passed","title":"pin-only and users endpoints are public (no access token)","duration":0.7462000000000444,"failureMessages":[],"meta":{}},{"ancestorTitles":["PROOF: PIN / quick-login public recovery"],"fullName":"PROOF: PIN / quick-login public recovery auth recovery paths include login + quick-login","status":"passed","title":"auth recovery paths include login + quick-login","duration":0.37820000000010623,"failureMessages":[],"meta":{}},{"ancestorTitles":["PROOF: PIN / quick-login public recovery"],"fullName":"PROOF: PIN / quick-login public recovery forceLogoutRedirect uses isAuthRecoveryPath (PIN + offline stay)","status":"passed","title":"forceLogoutRedirect uses isAuthRecoveryPath (PIN + offline stay)","duration":0.619300000000294,"failureMessages":[],"meta":{}},{"ancestorTitles":["PROOF: PIN / quick-login public recovery"],"fullName":"PROOF: PIN / quick-login public recovery network refresh failure never auto-logout (offline keep session)","status":"passed","title":"network refresh failure never auto-logout (offline keep session)","duration":0.8101999999998952,"failureMessages":[],"meta":{}},{"ancestorTitles":["PROOF: PIN / quick-login public recovery"],"fullName":"PROOF: PIN / quick-login public recovery cold-start PIN gate for cashiers, not admin","status":"passed","title":"cold-start PIN gate for cashiers, not admin","duration":1.0990999999999076,"failureMessages":[],"meta":{}},{"ancestorTitles":["PROOF: PIN / quick-login public recovery"],"fullName":"PROOF: PIN / quick-login public recovery AuthContext uses isAuthRecoveryPath + access-only strips RT","status":"passed","title":"AuthContext uses isAuthRecoveryPath + access-only strips RT","duration":0.5381999999999607,"failureMessages":[],"meta":{}},{"ancestorTitles":["PROOF: PIN / quick-login public recovery"],"fullName":"PROOF: PIN / quick-login public recovery structural wiring: QuickLogin + soft-start lock + pin numpad exist","status":"passed","title":"structural wiring: QuickLogin + soft-start lock + pin numpad exist","duration":1.3721000000000458,"failureMessages":[],"meta":{}}],"startTime":1786283608370,"endTime":1786283610116.372,"status":"passed","message":"","name":"C:/Users/Chase/source/repos/SamplePOS/samplepos.client/src/__tests__/offline-login-and-pin.proof.test.ts"}]}