{"numTotalTestSuites":19,"numPassedTestSuites":19,"numFailedTestSuites":0,"numPendingTestSuites":0,"numTotalTests":58,"numPassedTests":58,"numFailedTests":0,"numPendingTests":0,"numTodoTests":0,"snapshot":{"added":0,"failure":false,"filesAdded":0,"filesRemoved":0,"filesRemovedList":[],"filesUnmatched":0,"filesUpdated":0,"matched":0,"total":0,"unchecked":0,"uncheckedKeysByFile":[],"unmatched":0,"updated":0,"didUpdate":false},"startTime":1785760975083,"success":true,"testResults":[{"assertionResults":[{"ancestorTitles":["Bill + receipt guest document SSOT"],"fullName":"Bill + receipt guest document SSOT sums identical product+price; keeps different products separate (Neutromax bill case)","status":"passed","title":"sums identical product+price; keeps different products separate (Neutromax bill case)","duration":6.221900000000005,"failureMessages":[],"meta":{}},{"ancestorTitles":["Bill + receipt guest document SSOT"],"fullName":"Bill + receipt guest document SSOT formatBillMoney delegates to formatCurrency SSOT (spaced symbol)","status":"passed","title":"formatBillMoney delegates to formatCurrency SSOT (spaced symbol)","duration":2.6914999999999054,"failureMessages":[],"meta":{}},{"ancestorTitles":["Bill + receipt guest document SSOT"],"fullName":"Bill + receipt guest document SSOT EVIDENCE bill and receipt HTML share buildThermalGuestDocumentHtml SSOT","status":"passed","title":"EVIDENCE bill and receipt HTML share buildThermalGuestDocumentHtml SSOT","duration":6.61869999999999,"failureMessages":[],"meta":{}},{"ancestorTitles":["Bill + receipt guest document SSOT"],"fullName":"Bill + receipt guest document SSOT wiring: print.ts + printRestaurant.ts consume thermalGuestDocument","status":"passed","title":"wiring: print.ts + printRestaurant.ts consume thermalGuestDocument","duration":1.5057999999999083,"failureMessages":[],"meta":{}}],"startTime":1785760976973,"endTime":1785760976989.5059,"status":"passed","message":"","name":"C:/Users/Chase/source/repos/SamplePOS/samplepos.client/src/__tests__/bill-consolidate.evidence.test.ts"},{"assertionResults":[{"ancestorTitles":["Restaurant silent print SSOT"],"fullName":"Restaurant silent print SSOT browser fallback is off by default and toggleable per terminal","status":"passed","title":"browser fallback is off by default and toggleable per terminal","duration":4.0470000000000255,"failureMessages":[],"meta":{}},{"ancestorTitles":["Restaurant silent print SSOT"],"fullName":"Restaurant silent print SSOT failure message names the mapped printer and points to Stations + KDS","status":"passed","title":"failure message names the mapped printer and points to Stations + KDS","duration":1.9110000000000582,"failureMessages":[],"meta":{}},{"ancestorTitles":["Restaurant silent print SSOT"],"fullName":"Restaurant silent print SSOT printRestaurant uses silent bridge first; browser only via policy","status":"passed","title":"printRestaurant uses silent bridge first; browser only via policy","duration":1.7635999999999967,"failureMessages":[],"meta":{}},{"ancestorTitles":["Restaurant silent print SSOT"],"fullName":"Restaurant silent print SSOT Stations exposes silent policy + emergency browser toggle","status":"passed","title":"Stations exposes silent policy + emergency browser toggle","duration":0.9827999999999975,"failureMessages":[],"meta":{}},{"ancestorTitles":["Restaurant silent print SSOT"],"fullName":"Restaurant silent print SSOT guest bill + schema SSOT still present","status":"passed","title":"guest bill + schema SSOT still present","duration":1.4835000000000491,"failureMessages":[],"meta":{}}],"startTime":1785760977367,"endTime":1785760977377.4834,"status":"passed","message":"","name":"C:/Users/Chase/source/repos/SamplePOS/samplepos.client/src/__tests__/guest-bill-printer.evidence.test.ts"},{"assertionResults":[{"ancestorTitles":["KOT ESC/POS dual-path architecture"],"fullName":"KOT ESC/POS dual-path architecture builds canonical ticket without prices","status":"passed","title":"builds canonical ticket without prices","duration":4.063899999999876,"failureMessages":[],"meta":{}},{"ancestorTitles":["KOT ESC/POS dual-path architecture"],"fullName":"KOT ESC/POS dual-path architecture EscPosRenderer emits init + cut and is fast","status":"passed","title":"EscPosRenderer emits init + cut and is fast","duration":5.06899999999996,"failureMessages":[],"meta":{}},{"ancestorTitles":["KOT ESC/POS dual-path architecture"],"fullName":"KOT ESC/POS dual-path architecture HtmlRenderer consumes the same ticket model","status":"passed","title":"HtmlRenderer consumes the same ticket model","duration":1.1060999999999694,"failureMessages":[],"meta":{}},{"ancestorTitles":["KOT ESC/POS dual-path architecture"],"fullName":"KOT ESC/POS dual-path architecture VOID ticket marks stop","status":"passed","title":"VOID ticket marks stop","duration":1.546199999999999,"failureMessages":[],"meta":{}},{"ancestorTitles":["KOT ESC/POS dual-path architecture"],"fullName":"KOT ESC/POS dual-path architecture guest bill EscPos spans 80mm columns (not 58mm)","status":"passed","title":"guest bill EscPos spans 80mm columns (not 58mm)","duration":1.4988000000000739,"failureMessages":[],"meta":{}},{"ancestorTitles":["KOT ESC/POS dual-path architecture"],"fullName":"KOT ESC/POS dual-path architecture EVIDENCE: FOH prefers ESC/POS for KOT and bill; agent accepts RAW","status":"passed","title":"EVIDENCE: FOH prefers ESC/POS for KOT and bill; agent accepts RAW","duration":2.5196999999998297,"failureMessages":[],"meta":{}}],"startTime":1785760976734,"endTime":1785760976750.5198,"status":"passed","message":"","name":"C:/Users/Chase/source/repos/SamplePOS/samplepos.client/src/__tests__/kot-escpos-path.evidence.test.ts"},{"assertionResults":[{"ancestorTitles":["Print Job SSOT (multi-printer)"],"fullName":"Print Job SSOT (multi-printer) EVIDENCE: Kitchen + Bar jobs keep distinct targetPrinter","status":"passed","title":"EVIDENCE: Kitchen + Bar jobs keep distinct targetPrinter","duration":54.06819999999993,"failureMessages":[],"meta":{}},{"ancestorTitles":["Print Job SSOT (multi-printer)"],"fullName":"Print Job SSOT (multi-printer) EVIDENCE: normalize accepts snake_case API rows","status":"passed","title":"EVIDENCE: normalize accepts snake_case API rows","duration":1.2065000000000055,"failureMessages":[],"meta":{}},{"ancestorTitles":["Print Job SSOT (multi-printer)"],"fullName":"Print Job SSOT (multi-printer) EVIDENCE: empty items fail closed (no blank ticket)","status":"passed","title":"EVIDENCE: empty items fail closed (no blank ticket)","duration":2.0058000000001357,"failureMessages":[],"meta":{}},{"ancestorTitles":["Print Job SSOT (multi-printer)"],"fullName":"Print Job SSOT (multi-printer) EVIDENCE: offline enqueue creates durable local job","status":"passed","title":"EVIDENCE: offline enqueue creates durable local job","duration":0.9454999999998108,"failureMessages":[],"meta":{}},{"ancestorTitles":["Print Job SSOT (multi-printer)"],"fullName":"Print Job SSOT (multi-printer) EVIDENCE: dedupes same job id in one dispatch","status":"passed","title":"EVIDENCE: dedupes same job id in one dispatch","duration":1.9963999999999942,"failureMessages":[],"meta":{}},{"ancestorTitles":["Print Job SSOT (multi-printer)"],"fullName":"Print Job SSOT (multi-printer) EVIDENCE gate: schema + sendKot enqueue + flush on reconnect","status":"passed","title":"EVIDENCE gate: schema + sendKot enqueue + flush on reconnect","duration":6.107899999999972,"failureMessages":[],"meta":{}},{"ancestorTitles":["Print Job SSOT (multi-printer)"],"fullName":"Print Job SSOT (multi-printer) EVIDENCE: agent /print accepts without Get-Printer on hot path","status":"passed","title":"EVIDENCE: agent /print accepts without Get-Printer on hot path","duration":1.522000000000162,"failureMessages":[],"meta":{}},{"ancestorTitles":["Print Job SSOT (multi-printer)"],"fullName":"Print Job SSOT (multi-printer) EVIDENCE: restaurant bridge never parallel-POSTs both loopback origins","status":"passed","title":"EVIDENCE: restaurant bridge never parallel-POSTs both loopback origins","duration":1.1685999999999694,"failureMessages":[],"meta":{}}],"startTime":1785760976653,"endTime":1785760976723.1687,"status":"passed","message":"","name":"C:/Users/Chase/source/repos/SamplePOS/samplepos.client/src/__tests__/print-jobs-ssot.evidence.test.ts"},{"assertionResults":[{"ancestorTitles":["EVIDENCE — auto-print after payment + reprint"],"fullName":"EVIDENCE — auto-print after payment + reprint shouldAutoPrintAfterSale only when enabled AND autoPrint=true","status":"passed","title":"shouldAutoPrintAfterSale only when enabled AND autoPrint=true","duration":2.342399999999998,"failureMessages":[],"meta":{}},{"ancestorTitles":["EVIDENCE — auto-print after payment + reprint"],"fullName":"EVIDENCE — auto-print after payment + reprint reprint builds isReprint payload with lines and branding","status":"passed","title":"reprint builds isReprint payload with lines and branding","duration":35.471700000000055,"failureMessages":[],"meta":{}},{"ancestorTitles":["EVIDENCE — auto-print after payment + reprint"],"fullName":"EVIDENCE — auto-print after payment + reprint STRUCT: PrintReceiptDialog auto-prints when autoPrint prop set","status":"passed","title":"STRUCT: PrintReceiptDialog auto-prints when autoPrint prop set","duration":1.1242999999999483,"failureMessages":[],"meta":{}},{"ancestorTitles":["EVIDENCE — auto-print after payment + reprint"],"fullName":"EVIDENCE — auto-print after payment + reprint STRUCT: POS loads receipt print config and presents auto-print after sale","status":"passed","title":"STRUCT: POS loads receipt print config and presents auto-print after sale","duration":3.8682000000003427,"failureMessages":[],"meta":{}},{"ancestorTitles":["EVIDENCE — auto-print after payment + reprint"],"fullName":"EVIDENCE — auto-print after payment + reprint STRUCT: Sales reprint awaits printReceipt and refetches thin detail","status":"passed","title":"STRUCT: Sales reprint awaits printReceipt and refetches thin detail","duration":2.2871000000000095,"failureMessages":[],"meta":{}},{"ancestorTitles":["EVIDENCE — auto-print after payment + reprint"],"fullName":"EVIDENCE — auto-print after payment + reprint STRUCT: receipt print config GET allows authenticated cashiers (no system.read only)","status":"passed","title":"STRUCT: receipt print config GET allows authenticated cashiers (no system.read only)","duration":0.8020000000001346,"failureMessages":[],"meta":{}}],"startTime":1785760977385,"endTime":1785760977430.802,"status":"passed","message":"","name":"C:/Users/Chase/source/repos/SamplePOS/samplepos.client/src/__tests__/receipt-auto-print-reprint.evidence.test.ts"},{"assertionResults":[{"ancestorTitles":["EVIDENCE — receipt branding after payment"],"fullName":"EVIDENCE — receipt branding after payment HTML includes custom note, footer, payment accounts, and TIN from invoice settings","status":"passed","title":"HTML includes custom note, footer, payment accounts, and TIN from invoice settings","duration":46.19239999999991,"failureMessages":[],"meta":{}},{"ancestorTitles":["EVIDENCE — receipt branding after payment"],"fullName":"EVIDENCE — receipt branding after payment falls back to default thank-you when footerText empty","status":"passed","title":"falls back to default thank-you when footerText empty","duration":1.8739000000000487,"failureMessages":[],"meta":{}},{"ancestorTitles":["EVIDENCE — receipt branding after payment"],"fullName":"EVIDENCE — receipt branding after payment STRUCT: printReceipt uses thermal guest SSOT (note + accounts in HTML path)","status":"passed","title":"STRUCT: printReceipt uses thermal guest SSOT (note + accounts in HTML path)","duration":1.0994000000000597,"failureMessages":[],"meta":{}},{"ancestorTitles":["EVIDENCE — receipt branding after payment"],"fullName":"EVIDENCE — receipt branding after payment STRUCT: POS + order pay + restaurant offline wire invoice branding (no note clobber)","status":"passed","title":"STRUCT: POS + order pay + restaurant offline wire invoice branding (no note clobber)","duration":4.662200000000212,"failureMessages":[],"meta":{}},{"ancestorTitles":["EVIDENCE — receipt branding after payment"],"fullName":"EVIDENCE — receipt branding after payment STRUCT: Invoice Settings UI persists custom note + account showOnReceipt","status":"passed","title":"STRUCT: Invoice Settings UI persists custom note + account showOnReceipt","duration":0.8270999999999731,"failureMessages":[],"meta":{}},{"ancestorTitles":["EVIDENCE — receipt branding after payment"],"fullName":"EVIDENCE — receipt branding after payment STRUCT: branding filters payment accounts for receipt (hide showOnReceipt=false)","status":"passed","title":"STRUCT: branding filters payment accounts for receipt (hide showOnReceipt=false)","duration":0.5624000000002525,"failureMessages":[],"meta":{}}],"startTime":1785760977387,"endTime":1785760977442.5625,"status":"passed","message":"","name":"C:/Users/Chase/source/repos/SamplePOS/samplepos.client/src/__tests__/receipt-branding-after-payment.evidence.test.ts"},{"assertionResults":[{"ancestorTitles":["EVIDENCE — sale receipt print audit vs hold order"],"fullName":"EVIDENCE — sale receipt print audit vs hold order STRUCT: POS only audits print for isPersistedSale + UUID; silent toast","status":"passed","title":"STRUCT: POS only audits print for isPersistedSale + UUID; silent toast","duration":7.4827999999999975,"failureMessages":[],"meta":{}},{"ancestorTitles":["EVIDENCE — sale receipt print audit vs hold order"],"fullName":"EVIDENCE — sale receipt print audit vs hold order STRUCT: Sales reprint audit is silent on 404","status":"passed","title":"STRUCT: Sales reprint audit is silent on 404","duration":2.2373999999999796,"failureMessages":[],"meta":{}}],"startTime":1785760977363,"endTime":1785760977373.2373,"status":"passed","message":"","name":"C:/Users/Chase/source/repos/SamplePOS/samplepos.client/src/__tests__/receipt-print-audit.evidence.test.ts"},{"assertionResults":[{"ancestorTitles":["EVIDENCE — receipt integrity (enable independent of KOT/bill)"],"fullName":"EVIDENCE — receipt integrity (enable independent of KOT/bill) master enable + auto-print gates (behavioral)","status":"passed","title":"master enable + auto-print gates (behavioral)","duration":3.2857999999996537,"failureMessages":[],"meta":{}},{"ancestorTitles":["EVIDENCE — receipt integrity (enable independent of KOT/bill)"],"fullName":"EVIDENCE — receipt integrity (enable independent of KOT/bill) paid RECEIPT always carries tendered payment method lines when ticked path has data","status":"passed","title":"paid RECEIPT always carries tendered payment method lines when ticked path has data","duration":39.9978000000001,"failureMessages":[],"meta":{}},{"ancestorTitles":["EVIDENCE — receipt integrity (enable independent of KOT/bill)"],"fullName":"EVIDENCE — receipt integrity (enable independent of KOT/bill) guest BILL never renders tendered payment methods (pre-pay integrity)","status":"passed","title":"guest BILL never renders tendered payment methods (pre-pay integrity)","duration":3.7672999999999774,"failureMessages":[],"meta":{}},{"ancestorTitles":["EVIDENCE — receipt integrity (enable independent of KOT/bill)"],"fullName":"EVIDENCE — receipt integrity (enable independent of KOT/bill) guest BILL shows invoice footer + payment accounts when settings on (not tender)","status":"passed","title":"guest BILL shows invoice footer + payment accounts when settings on (not tender)","duration":2.9670000000000982,"failureMessages":[],"meta":{}},{"ancestorTitles":["EVIDENCE — receipt integrity (enable independent of KOT/bill)"],"fullName":"EVIDENCE — receipt integrity (enable independent of KOT/bill) STRUCT: sale receipt bridge uses configured printer name","status":"passed","title":"STRUCT: sale receipt bridge uses configured printer name","duration":4.114600000000337,"failureMessages":[],"meta":{}},{"ancestorTitles":["EVIDENCE — receipt integrity (enable independent of KOT/bill)"],"fullName":"EVIDENCE — receipt integrity (enable independent of KOT/bill) STRUCT: FOH guest bills carry invoice footer + payment accounts; never receipt enable gate","status":"passed","title":"STRUCT: FOH guest bills carry invoice footer + payment accounts; never receipt enable gate","duration":2.982800000000225,"failureMessages":[],"meta":{}},{"ancestorTitles":["EVIDENCE — receipt integrity (enable independent of KOT/bill)"],"fullName":"EVIDENCE — receipt integrity (enable independent of KOT/bill) STRUCT: auto-print/settlement use enable gates; KOT/bill stay independent","status":"passed","title":"STRUCT: auto-print/settlement use enable gates; KOT/bill stay independent","duration":7.717200000000048,"failureMessages":[],"meta":{}},{"ancestorTitles":["EVIDENCE — receipt integrity (enable independent of KOT/bill)"],"fullName":"EVIDENCE — receipt integrity (enable independent of KOT/bill) STRUCT: settings UI explains receipts are independent of KOT/bill","status":"passed","title":"STRUCT: settings UI explains receipts are independent of KOT/bill","duration":0.527299999999741,"failureMessages":[],"meta":{}},{"ancestorTitles":["EVIDENCE — receipt integrity (enable independent of KOT/bill)"],"fullName":"EVIDENCE — receipt integrity (enable independent of KOT/bill) STRUCT: receipt config GET remains cashier-accessible (no system.read only)","status":"passed","title":"STRUCT: receipt config GET remains cashier-accessible (no system.read only)","duration":1.0920999999998457,"failureMessages":[],"meta":{}},{"ancestorTitles":["EVIDENCE — receipt integrity (enable independent of KOT/bill)"],"fullName":"EVIDENCE — receipt integrity (enable independent of KOT/bill) STRUCT: PrintReceiptDialog still auto-fires only when autoPrint prop set","status":"passed","title":"STRUCT: PrintReceiptDialog still auto-fires only when autoPrint prop set","duration":0.6532999999999447,"failureMessages":[],"meta":{}},{"ancestorTitles":["EVIDENCE — receipt integrity (enable independent of KOT/bill)"],"fullName":"EVIDENCE — receipt integrity (enable independent of KOT/bill) STRUCT: reprint builds isReprint payload with payment data path intact","status":"passed","title":"STRUCT: reprint builds isReprint payload with payment data path intact","duration":0.8658000000000357,"failureMessages":[],"meta":{}}],"startTime":1785760977392,"endTime":1785760977459.8657,"status":"passed","message":"","name":"C:/Users/Chase/source/repos/SamplePOS/samplepos.client/src/__tests__/receipt-print-integrity.evidence.test.ts"},{"assertionResults":[{"ancestorTitles":["printReceipt — SUNMI bridge routing"],"fullName":"printReceipt — SUNMI bridge routing STRATEGY 0: calls window.SunmiPrinter.printReceipt with JSON when bridge is present","status":"passed","title":"STRATEGY 0: calls window.SunmiPrinter.printReceipt with JSON when bridge is present","duration":13.834400000000187,"failureMessages":[],"meta":{}},{"ancestorTitles":["printReceipt — SUNMI bridge routing"],"fullName":"printReceipt — SUNMI bridge routing STRATEGY 0: serialised payload is valid JSON with all top-level fields","status":"passed","title":"STRATEGY 0: serialised payload is valid JSON with all top-level fields","duration":4.1995999999999185,"failureMessages":[],"meta":{}},{"ancestorTitles":["printReceipt — SUNMI bridge routing"],"fullName":"printReceipt — SUNMI bridge routing STRATEGY 0: does NOT call fetch when bridge is present","status":"passed","title":"STRATEGY 0: does NOT call fetch when bridge is present","duration":2.311300000000074,"failureMessages":[],"meta":{}},{"ancestorTitles":["printReceipt — SUNMI bridge routing"],"fullName":"printReceipt — SUNMI bridge routing STRATEGY 0: compact format — bridge still receives the complete receiptData object","status":"passed","title":"STRATEGY 0: compact format — bridge still receives the complete receiptData object","duration":1.7977999999998246,"failureMessages":[],"meta":{}},{"ancestorTitles":["printReceipt — SUNMI bridge routing"],"fullName":"printReceipt — SUNMI bridge routing STRATEGY 1: fetch is called with correct URL and method when bridge is absent","status":"passed","title":"STRATEGY 1: fetch is called with correct URL and method when bridge is absent","duration":8.405199999999923,"failureMessages":[],"meta":{}},{"ancestorTitles":["printReceipt — SUNMI bridge routing"],"fullName":"printReceipt — SUNMI bridge routing validation: throws when saleNumber is empty string","status":"passed","title":"validation: throws when saleNumber is empty string","duration":2.428100000000086,"failureMessages":[],"meta":{}},{"ancestorTitles":["printReceipt — SUNMI bridge routing"],"fullName":"printReceipt — SUNMI bridge routing validation: throws when receiptData is null","status":"passed","title":"validation: throws when receiptData is null","duration":1.1652000000001408,"failureMessages":[],"meta":{}},{"ancestorTitles":["isSunmiDevice detection via globalThis.window"],"fullName":"isSunmiDevice detection via globalThis.window detects false when SunmiPrinter is absent","status":"passed","title":"detects false when SunmiPrinter is absent","duration":0.4719000000000051,"failureMessages":[],"meta":{}},{"ancestorTitles":["isSunmiDevice detection via globalThis.window"],"fullName":"isSunmiDevice detection via globalThis.window detects true when SunmiPrinter is injected","status":"passed","title":"detects true when SunmiPrinter is injected","duration":0.7231999999999061,"failureMessages":[],"meta":{}},{"ancestorTitles":["isSunmiDevice detection via globalThis.window"],"fullName":"isSunmiDevice detection via globalThis.window detects false after bridge property is deleted","status":"passed","title":"detects false after bridge property is deleted","duration":0.4800000000000182,"failureMessages":[],"meta":{}}],"startTime":1785760976814,"endTime":1785760976851.48,"status":"passed","message":"","name":"C:/Users/Chase/source/repos/SamplePOS/samplepos.client/src/__tests__/sunmi-print.spec.ts"}]}