{"numTotalTestSuites":10,"numPassedTestSuites":10,"numFailedTestSuites":0,"numPendingTestSuites":0,"numTotalTests":58,"numPassedTests":58,"numFailedTests":0,"numPendingTests":0,"numTodoTests":0,"snapshot":{"added":0,"failure":false,"filesAdded":0,"filesRemoved":0,"filesRemovedList":[],"filesUnmatched":0,"filesUpdated":0,"matched":0,"total":0,"unchecked":0,"uncheckedKeysByFile":[],"unmatched":0,"updated":0,"didUpdate":false},"startTime":1786170579692,"success":true,"testResults":[{"assertionResults":[{"ancestorTitles":["PROOF multi-ticket consistency · integrity · accuracy"],"fullName":"PROOF multi-ticket consistency · integrity · accuracy C01/A01 party-list forceNew opens distinct orderIds with exact line totals","status":"passed","title":"C01/A01 party-list forceNew opens distinct orderIds with exact line totals","duration":5.4099999999998545,"failureMessages":[],"meta":{}},{"ancestorTitles":["PROOF multi-ticket consistency · integrity · accuracy"],"fullName":"PROOF multi-ticket consistency · integrity · accuracy C02 forceNewTicket ignores orderId — never silently appends to a sibling","status":"passed","title":"C02 forceNewTicket ignores orderId — never silently appends to a sibling","duration":1.9877000000001317,"failureMessages":[],"meta":{}},{"ancestorTitles":["PROOF multi-ticket consistency · integrity · accuracy"],"fullName":"PROOF multi-ticket consistency · integrity · accuracy C03 detail append with orderId stays on selected ticket after newer sibling updates","status":"passed","title":"C03 detail append with orderId stays on selected ticket after newer sibling updates","duration":0.7435999999997875,"failureMessages":[],"meta":{}},{"ancestorTitles":["PROOF multi-ticket consistency · integrity · accuracy"],"fullName":"PROOF multi-ticket consistency · integrity · accuracy I01 bill marks only the selected order number (siblings stay unbilled)","status":"passed","title":"I01 bill marks only the selected order number (siblings stay unbilled)","duration":0.713799999999992,"failureMessages":[],"meta":{}},{"ancestorTitles":["PROOF multi-ticket consistency · integrity · accuracy"],"fullName":"PROOF multi-ticket consistency · integrity · accuracy I02 pay settles only one order number; preferred paid id returns null (no sibling swap)","status":"passed","title":"I02 pay settles only one order number; preferred paid id returns null (no sibling swap)","duration":1.5929000000000997,"failureMessages":[],"meta":{}},{"ancestorTitles":["PROOF multi-ticket consistency · integrity · accuracy"],"fullName":"PROOF multi-ticket consistency · integrity · accuracy I03 KOT on one ticket leaves sibling lines unsent and money unchanged","status":"passed","title":"I03 KOT on one ticket leaves sibling lines unsent and money unchanged","duration":1.2065999999999804,"failureMessages":[],"meta":{}},{"ancestorTitles":["PROOF multi-ticket consistency · integrity · accuracy"],"fullName":"PROOF multi-ticket consistency · integrity · accuracy I04 split move preserves source remainder and destination money (partial qty)","status":"passed","title":"I04 split move preserves source remainder and destination money (partial qty)","duration":1.0425000000000182,"failureMessages":[],"meta":{}},{"ancestorTitles":["PROOF multi-ticket consistency · integrity · accuracy"],"fullName":"PROOF multi-ticket consistency · integrity · accuracy I05 open floor lists exactly N open tickets after N forceNew rings","status":"passed","title":"I05 open floor lists exactly N open tickets after N forceNew rings","duration":0.44479999999975917,"failureMessages":[],"meta":{}},{"ancestorTitles":["PROOF multi-ticket consistency · integrity · accuracy"],"fullName":"PROOF multi-ticket consistency · integrity · accuracy C04 preferred missing orderId is null — never substitutes sibling lines","status":"passed","title":"C04 preferred missing orderId is null — never substitutes sibling lines","duration":0.3432999999999993,"failureMessages":[],"meta":{}},{"ancestorTitles":["PROOF multi-ticket SSOT wiring (FOH + adaptive + API + server)"],"fullName":"PROOF multi-ticket SSOT wiring (FOH + adaptive + API + server) S01 FOH party-list menu uses forceNewTicket; never toast-blocks with samba-open-ticket-first","status":"passed","title":"S01 FOH party-list menu uses forceNewTicket; never toast-blocks with samba-open-ticket-first","duration":2.3710000000000946,"failureMessages":[],"meta":{}},{"ancestorTitles":["PROOF multi-ticket SSOT wiring (FOH + adaptive + API + server)"],"fullName":"PROOF multi-ticket SSOT wiring (FOH + adaptive + API + server) S02 client API carries forceNewCheck; offline ops honor forceNewTicket","status":"passed","title":"S02 client API carries forceNewCheck; offline ops honor forceNewTicket","duration":1.2122999999996864,"failureMessages":[],"meta":{}},{"ancestorTitles":["PROOF multi-ticket SSOT wiring (FOH + adaptive + API + server)"],"fullName":"PROOF multi-ticket SSOT wiring (FOH + adaptive + API + server) S03 adaptive density sheet vs column is deterministic SSOT","status":"passed","title":"S03 adaptive density sheet vs column is deterministic SSOT","duration":0.44079999999985375,"failureMessages":[],"meta":{}},{"ancestorTitles":["PROOF multi-ticket SSOT wiring (FOH + adaptive + API + server)"],"fullName":"PROOF multi-ticket SSOT wiring (FOH + adaptive + API + server) S04 server forceNew short-circuits before orderId / currentOrderId append","status":"passed","title":"S04 server forceNew short-circuits before orderId / currentOrderId append","duration":1.3182999999999083,"failureMessages":[],"meta":{}},{"ancestorTitles":["PROOF multi-ticket SSOT wiring (FOH + adaptive + API + server)"],"fullName":"PROOF multi-ticket SSOT wiring (FOH + adaptive + API + server) S05 FOH menu sheet + dock seals when density is dense","status":"passed","title":"S05 FOH menu sheet + dock seals when density is dense","duration":2.400500000000193,"failureMessages":[],"meta":{}}],"startTime":1786170581831,"endTime":1786170581852.4004,"status":"passed","message":"","name":"C:/Users/Chase/source/repos/SamplePOS/samplepos.client/src/lib/restaurantMultiTicketIntegrity.proof.test.ts"},{"assertionResults":[{"ancestorTitles":["Restaurant offline-first ops (behavioral proof)"],"fullName":"Restaurant offline-first ops (behavioral proof) add item opens check and occupies floor without network","status":"passed","title":"add item opens check and occupies floor without network","duration":5.8521999999998116,"failureMessages":[],"meta":{}},{"ancestorTitles":["Restaurant offline-first ops (behavioral proof)"],"fullName":"Restaurant offline-first ops (behavioral proof) cancel frees table from floor occupancy","status":"passed","title":"cancel frees table from floor occupancy","duration":1.7436000000002423,"failureMessages":[],"meta":{}},{"ancestorTitles":["Restaurant offline-first ops (behavioral proof)"],"fullName":"Restaurant offline-first ops (behavioral proof) remove unsent lines updates check; removing last line cancels","status":"passed","title":"remove unsent lines updates check; removing last line cancels","duration":1.157799999999952,"failureMessages":[],"meta":{}},{"ancestorTitles":["Restaurant offline-first ops (behavioral proof)"],"fullName":"Restaurant offline-first ops (behavioral proof) rejects remove of kitchen-sent lines without allowKitchenSent","status":"passed","title":"rejects remove of kitchen-sent lines without allowKitchenSent","duration":1.9005000000001928,"failureMessages":[],"meta":{}},{"ancestorTitles":["Restaurant offline-first ops (behavioral proof)"],"fullName":"Restaurant offline-first ops (behavioral proof) EVIDENCE journal-local void of kitchen-sent lines emits VOID KOT and never needs server UUIDs","status":"passed","title":"EVIDENCE journal-local void of kitchen-sent lines emits VOID KOT and never needs server UUIDs","duration":0.7990999999997257,"failureMessages":[],"meta":{}},{"ancestorTitles":["Restaurant offline-first ops (behavioral proof)"],"fullName":"Restaurant offline-first ops (behavioral proof) cash pay appends SALE_COMPLETED and frees table","status":"passed","title":"cash pay appends SALE_COMPLETED and frees table","duration":0.9054000000000997,"failureMessages":[],"meta":{}},{"ancestorTitles":["Restaurant offline-first ops (behavioral proof)"],"fullName":"Restaurant offline-first ops (behavioral proof) takeaway/delivery stores customers SSOT customerId on journal order","status":"passed","title":"takeaway/delivery stores customers SSOT customerId on journal order","duration":0.3106999999999971,"failureMessages":[],"meta":{}},{"ancestorTitles":["Restaurant offline-first ops (behavioral proof)"],"fullName":"Restaurant offline-first ops (behavioral proof) seed from server is SYNCED (not re-posted) and enables local cancel","status":"passed","title":"seed from server is SYNCED (not re-posted) and enables local cancel","duration":0.8995999999997366,"failureMessages":[],"meta":{}},{"ancestorTitles":["Restaurant offline-first ops (behavioral proof)"],"fullName":"Restaurant offline-first ops (behavioral proof) EVIDENCE: refresh does not restore voided lines while ORDER_UPDATED is pending","status":"passed","title":"EVIDENCE: refresh does not restore voided lines while ORDER_UPDATED is pending","duration":1.4829999999997199,"failureMessages":[],"meta":{}},{"ancestorTitles":["Restaurant offline-first ops (behavioral proof)"],"fullName":"Restaurant offline-first ops (behavioral proof) EVIDENCE: resolveDesiredLinesBeforePay prefers journal void snapshot over resurrected FOH","status":"passed","title":"EVIDENCE: resolveDesiredLinesBeforePay prefers journal void snapshot over resurrected FOH","duration":1.078899999999976,"failureMessages":[],"meta":{}},{"ancestorTitles":["Restaurant offline-first ops (behavioral proof)"],"fullName":"Restaurant offline-first ops (behavioral proof) appendSyncedEvent is idempotent; invalidateJournalMemoryCache forces re-read","status":"passed","title":"appendSyncedEvent is idempotent; invalidateJournalMemoryCache forces re-read","duration":0.322400000000016,"failureMessages":[],"meta":{}},{"ancestorTitles":["Restaurant offline-first ops (behavioral proof)"],"fullName":"Restaurant offline-first ops (behavioral proof) ofl_ord_* KOT fires locally (no server) and marks kitchenSentAt","status":"passed","title":"ofl_ord_* KOT fires locally (no server) and marks kitchenSentAt","duration":1.139100000000326,"failureMessages":[],"meta":{}},{"ancestorTitles":["Restaurant offline-first ops (behavioral proof)"],"fullName":"Restaurant offline-first ops (behavioral proof) EVIDENCE one Send splits offline KOT by station (BAR + KITCHEN printers)","status":"passed","title":"EVIDENCE one Send splits offline KOT by station (BAR + KITCHEN printers)","duration":1.1920999999997548,"failureMessages":[],"meta":{}},{"ancestorTitles":["Restaurant offline-first ops (behavioral proof)"],"fullName":"Restaurant offline-first ops (behavioral proof) EVIDENCE: VOID of kitchen+bar lines emits one VOID ticket per station printer","status":"passed","title":"EVIDENCE: VOID of kitchen+bar lines emits one VOID ticket per station printer","duration":1.3123999999997977,"failureMessages":[],"meta":{}},{"ancestorTitles":["Restaurant offline-first ops (behavioral proof)"],"fullName":"Restaurant offline-first ops (behavioral proof) updateRestaurantGuestOffline links customers SSOT customerId","status":"passed","title":"updateRestaurantGuestOffline links customers SSOT customerId","duration":0.6235000000001492,"failureMessages":[],"meta":{}},{"ancestorTitles":["Restaurant offline-first ops (behavioral proof)"],"fullName":"Restaurant offline-first ops (behavioral proof) EVIDENCE service dish offline pay never raises quantity issues at zero stock","status":"passed","title":"EVIDENCE service dish offline pay never raises quantity issues at zero stock","duration":1.0296999999995933,"failureMessages":[],"meta":{}},{"ancestorTitles":["Restaurant offline-first ops (behavioral proof)"],"fullName":"Restaurant offline-first ops (behavioral proof) EVIDENCE inventory dish still blocks offline pay when local stock is zero (control)","status":"passed","title":"EVIDENCE inventory dish still blocks offline pay when local stock is zero (control)","duration":0.5367000000001099,"failureMessages":[],"meta":{}},{"ancestorTitles":["Restaurant offline-first ops (behavioral proof)"],"fullName":"Restaurant offline-first ops (behavioral proof) EVIDENCE multi-ticket bill marks only the selected order number","status":"passed","title":"EVIDENCE multi-ticket bill marks only the selected order number","duration":2.180199999999786,"failureMessages":[],"meta":{}},{"ancestorTitles":["Restaurant offline-first ops (behavioral proof)"],"fullName":"Restaurant offline-first ops (behavioral proof) EVIDENCE multi-ticket pay settles only the selected order number","status":"passed","title":"EVIDENCE multi-ticket pay settles only the selected order number","duration":1.1213999999999942,"failureMessages":[],"meta":{}},{"ancestorTitles":["Restaurant offline-first ops (behavioral proof)"],"fullName":"Restaurant offline-first ops (behavioral proof) EVIDENCE online settle closes journal so paid check leaves local KDS board","status":"passed","title":"EVIDENCE online settle closes journal so paid check leaves local KDS board","duration":1.1177999999999884,"failureMessages":[],"meta":{}},{"ancestorTitles":["Restaurant offline-first ops (behavioral proof)"],"fullName":"Restaurant offline-first ops (behavioral proof) EVIDENCE void/cancel closes journal so table leaves floor occupancy","status":"passed","title":"EVIDENCE void/cancel closes journal so table leaves floor occupancy","duration":0.45299999999997453,"failureMessages":[],"meta":{}},{"ancestorTitles":["Restaurant offline-first ops (behavioral proof)"],"fullName":"Restaurant offline-first ops (behavioral proof) EVIDENCE reconcile keeps multi-ticket sibling when pointer differs","status":"passed","title":"EVIDENCE reconcile keeps multi-ticket sibling when pointer differs","duration":0.9522000000001754,"failureMessages":[],"meta":{}},{"ancestorTitles":["Restaurant offline-first ops (behavioral proof)"],"fullName":"Restaurant offline-first ops (behavioral proof) EVIDENCE reconcile drops journal ghosts when server table is FREE","status":"passed","title":"EVIDENCE reconcile drops journal ghosts when server table is FREE","duration":0.5905000000002474,"failureMessages":[],"meta":{}},{"ancestorTitles":["Restaurant offline-first ops (behavioral proof)"],"fullName":"Restaurant offline-first ops (behavioral proof) EVIDENCE service menu type skips offline parent stock even when journal line stamped inventory","status":"passed","title":"EVIDENCE service menu type skips offline parent stock even when journal line stamped inventory","duration":0.32940000000007785,"failureMessages":[],"meta":{}},{"ancestorTitles":["Restaurant offline-first ops (behavioral proof)"],"fullName":"Restaurant offline-first ops (behavioral proof) EVIDENCE multi-ticket append with orderId stays on selected sibling","status":"passed","title":"EVIDENCE multi-ticket append with orderId stays on selected sibling","duration":0.7899999999999636,"failureMessages":[],"meta":{}},{"ancestorTitles":["Restaurant offline-first ops (behavioral proof)"],"fullName":"Restaurant offline-first ops (behavioral proof) EVIDENCE partial qty move keeps remainder on source and preserves kitchenSentAt","status":"passed","title":"EVIDENCE partial qty move keeps remainder on source and preserves kitchenSentAt","duration":0.7447999999999411,"failureMessages":[],"meta":{}},{"ancestorTitles":["Restaurant offline-first ops (behavioral proof)"],"fullName":"Restaurant offline-first ops (behavioral proof) EVIDENCE forceNewTicket opens a third order when table already has two tickets","status":"passed","title":"EVIDENCE forceNewTicket opens a third order when table already has two tickets","duration":0.7201000000000022,"failureMessages":[],"meta":{}}],"startTime":1786170581830,"endTime":1786170581861.7449,"status":"passed","message":"","name":"C:/Users/Chase/source/repos/SamplePOS/samplepos.client/src/lib/restaurantOfflineOps.proof.test.ts"},{"assertionResults":[{"ancestorTitles":["deriveRestaurantOpenChecks (Phase 5.1 / 5.2)"],"fullName":"deriveRestaurantOpenChecks (Phase 5.1 / 5.2) returns table-linked DINE_IN checks as open","status":"passed","title":"returns table-linked DINE_IN checks as open","duration":4.6025999999999385,"failureMessages":[],"meta":{}},{"ancestorTitles":["deriveRestaurantOpenChecks (Phase 5.1 / 5.2)"],"fullName":"deriveRestaurantOpenChecks (Phase 5.1 / 5.2) ignores retail orders without restaurant channel/table","status":"passed","title":"ignores retail orders without restaurant channel/table","duration":0.42069999999989705,"failureMessages":[],"meta":{}},{"ancestorTitles":["deriveRestaurantOpenChecks (Phase 5.1 / 5.2)"],"fullName":"deriveRestaurantOpenChecks (Phase 5.1 / 5.2) marks kotPrinted after RESTAURANT_KOT_FIRED","status":"passed","title":"marks kotPrinted after RESTAURANT_KOT_FIRED","duration":1.1906000000001313,"failureMessages":[],"meta":{}},{"ancestorTitles":["deriveRestaurantOpenChecks (Phase 5.1 / 5.2)"],"fullName":"deriveRestaurantOpenChecks (Phase 5.1 / 5.2) Phase 5.2: SALE_COMPLETED removes check from open floor","status":"passed","title":"Phase 5.2: SALE_COMPLETED removes check from open floor","duration":0.4158999999999651,"failureMessages":[],"meta":{}},{"ancestorTitles":["deriveRestaurantOpenChecks (Phase 5.1 / 5.2)"],"fullName":"deriveRestaurantOpenChecks (Phase 5.1 / 5.2) Phase 5.3: ORDER_CANCELLED frees table; ORDER_UPDATED sets waiter","status":"passed","title":"Phase 5.3: ORDER_CANCELLED frees table; ORDER_UPDATED sets waiter","duration":0.43479999999999563,"failureMessages":[],"meta":{}},{"ancestorTitles":["deriveRestaurantOpenChecks (Phase 5.1 / 5.2)"],"fullName":"deriveRestaurantOpenChecks (Phase 5.1 / 5.2) Phase 5.4: transfer / split / merge update journal projections","status":"passed","title":"Phase 5.4: transfer / split / merge update journal projections","duration":1.0561999999999898,"failureMessages":[],"meta":{}},{"ancestorTitles":["deriveRestaurantOpenChecks (Phase 5.1 / 5.2)"],"fullName":"deriveRestaurantOpenChecks (Phase 5.1 / 5.2) Phase 5.5: kitchen board from KOT_FIRED + KOT_STATUS","status":"passed","title":"Phase 5.5: kitchen board from KOT_FIRED + KOT_STATUS","duration":0.7391999999999825,"failureMessages":[],"meta":{}},{"ancestorTitles":["deriveRestaurantOpenChecks (Phase 5.1 / 5.2)"],"fullName":"deriveRestaurantOpenChecks (Phase 5.1 / 5.2) EVIDENCE multi-ticket preferred orderId never falls back to sibling lines","status":"passed","title":"EVIDENCE multi-ticket preferred orderId never falls back to sibling lines","duration":0.9864999999999782,"failureMessages":[],"meta":{}}],"startTime":1786170580888,"endTime":1786170580897.9866,"status":"passed","message":"","name":"C:/Users/Chase/source/repos/SamplePOS/samplepos.client/src/lib/restaurantOfflineSelectors.test.ts"},{"assertionResults":[{"ancestorTitles":["adaptive chrome SSOT (global progressive disclosure)"],"fullName":"adaptive chrome SSOT (global progressive disclosure) is the single matrix — capabilities.chrome === resolveAdaptiveChrome(tier, geometry)","status":"passed","title":"is the single matrix — capabilities.chrome === resolveAdaptiveChrome(tier, geometry)","duration":6.748399999999947,"failureMessages":[],"meta":{}},{"ancestorTitles":["adaptive chrome SSOT (global progressive disclosure)"],"fullName":"adaptive chrome SSOT (global progressive disclosure) packs ultra density on short handheld viewports (Sunmi landscape / short pad)","status":"passed","title":"packs ultra density on short handheld viewports (Sunmi landscape / short pad)","duration":0.5528999999999087,"failureMessages":[],"meta":{}},{"ancestorTitles":["adaptive chrome SSOT (global progressive disclosure)"],"fullName":"adaptive chrome SSOT (global progressive disclosure) FOH ticket pane: sheet on dense/ultra (menu owns viewport); column on comfortable desk","status":"passed","title":"FOH ticket pane: sheet on dense/ultra (menu owns viewport); column on comfortable desk","duration":0.35340000000019245,"failureMessages":[],"meta":{}},{"ancestorTitles":["adaptive chrome SSOT (global progressive disclosure)"],"fullName":"adaptive chrome SSOT (global progressive disclosure) hides coach + secondary chrome on mobile/compact; docks pads on desktop/wide","status":"passed","title":"hides coach + secondary chrome on mobile/compact; docks pads on desktop/wide","duration":1.387000000000171,"failureMessages":[],"meta":{}},{"ancestorTitles":["adaptive chrome SSOT (global progressive disclosure)"],"fullName":"adaptive chrome SSOT (global progressive disclosure) keeps primary surfaces; on-demand list is global not module-private","status":"passed","title":"keeps primary surfaces; on-demand list is global not module-private","duration":0.9523999999998978,"failureMessages":[],"meta":{}},{"ancestorTitles":["adaptive chrome SSOT (global progressive disclosure)"],"fullName":"adaptive chrome SSOT (global progressive disclosure) action labels resolve from SSOT density — modules only supply strings","status":"passed","title":"action labels resolve from SSOT density — modules only supply strings","duration":0.8297000000000025,"failureMessages":[],"meta":{}},{"ancestorTitles":["global consumers share adaptiveChrome SSOT (no module fork)"],"fullName":"global consumers share adaptiveChrome SSOT (no module fork) restaurant module must not define a private chrome matrix","status":"passed","title":"restaurant module must not define a private chrome matrix","duration":5.977099999999837,"failureMessages":[],"meta":{}},{"ancestorTitles":["global consumers share adaptiveChrome SSOT (no module fork)"],"fullName":"global consumers share adaptiveChrome SSOT (no module fork) retail POS + AdaptiveAppShell + AdaptiveFormField consume the same SSOT","status":"passed","title":"retail POS + AdaptiveAppShell + AdaptiveFormField consume the same SSOT","duration":2.740000000000009,"failureMessages":[],"meta":{}},{"ancestorTitles":["global consumers share adaptiveChrome SSOT (no module fork)"],"fullName":"global consumers share adaptiveChrome SSOT (no module fork) module-local adaptivePosChrome.ts must not exist","status":"passed","title":"module-local adaptivePosChrome.ts must not exist","duration":0.6591000000000804,"failureMessages":[],"meta":{}}],"startTime":1786170580924,"endTime":1786170580944.74,"status":"passed","message":"","name":"C:/Users/Chase/source/repos/SamplePOS/samplepos.client/src/__tests__/adaptive-chrome.ssot.evidence.test.ts"}]}