{"numFailedTestSuites":0,"numFailedTests":0,"numPassedTestSuites":1,"numPassedTests":21,"numPendingTestSuites":0,"numPendingTests":0,"numRuntimeErrorTestSuites":0,"numTodoTests":0,"numTotalTestSuites":1,"numTotalTests":21,"openHandles":[],"snapshot":{"added":0,"didUpdate":false,"failure":false,"filesAdded":0,"filesRemoved":0,"filesRemovedList":[],"filesUnmatched":0,"filesUpdated":0,"matched":0,"total":0,"unchecked":0,"uncheckedKeysByFile":[],"unmatched":0,"updated":0},"startTime":1784918750548,"success":true,"testResults":[{"assertionResults":[{"ancestorTitles":["Restaurant architecture proof (Phase 1)"],"duration":5,"failing":false,"failureDetails":[],"failureMessages":[],"fullName":"Restaurant architecture proof (Phase 1) migration ships flag default FALSE and reuses pos_orders","invocations":1,"location":null,"numPassingAsserts":6,"retryReasons":[],"startAt":1784918751321,"status":"passed","title":"migration ships flag default FALSE and reuses pos_orders"},{"ancestorTitles":["Restaurant architecture proof (Phase 1)"],"duration":1,"failing":false,"failureDetails":[],"failureMessages":[],"fullName":"Restaurant architecture proof (Phase 1) settings helper defaults off when column missing","invocations":1,"location":null,"numPassingAsserts":3,"retryReasons":[],"startAt":1784918751329,"status":"passed","title":"settings helper defaults off when column missing"},{"ancestorTitles":["Restaurant architecture proof (Phase 1)"],"duration":2,"failing":false,"failureDetails":[],"failureMessages":[],"fullName":"Restaurant architecture proof (Phase 1) mutating service asserts restaurant enabled","invocations":1,"location":null,"numPassingAsserts":4,"retryReasons":[],"startAt":1784918751331,"status":"passed","title":"mutating service asserts restaurant enabled"},{"ancestorTitles":["Restaurant architecture proof (Phase 1)"],"duration":2,"failing":false,"failureDetails":[],"failureMessages":[],"fullName":"Restaurant architecture proof (Phase 1) KOT items have no price fields in repository insert","invocations":1,"location":null,"numPassingAsserts":3,"retryReasons":[],"startAt":1784918751334,"status":"passed","title":"KOT items have no price fields in repository insert"},{"ancestorTitles":["Restaurant architecture proof (Phase 1)"],"duration":3,"failing":false,"failureDetails":[],"failureMessages":[],"fullName":"Restaurant architecture proof (Phase 1) routes mount under /api/restaurant and expose enabled","invocations":1,"location":null,"numPassingAsserts":5,"retryReasons":[],"startAt":1784918751336,"status":"passed","title":"routes mount under /api/restaurant and expose enabled"},{"ancestorTitles":["Restaurant architecture proof (Phase 1)"],"duration":1,"failing":false,"failureDetails":[],"failureMessages":[],"fullName":"Restaurant architecture proof (Phase 1) order complete/cancel release table hook exists","invocations":1,"location":null,"numPassingAsserts":1,"retryReasons":[],"startAt":1784918751340,"status":"passed","title":"order complete/cancel release table hook exists"},{"ancestorTitles":["Restaurant architecture proof (Phase 1)"],"duration":2,"failing":false,"failureDetails":[],"failureMessages":[],"fullName":"Restaurant architecture proof (Phase 1) restaurant cancel check uses orders SSOT","invocations":1,"location":null,"numPassingAsserts":3,"retryReasons":[],"startAt":1784918751341,"status":"passed","title":"restaurant cancel check uses orders SSOT"},{"ancestorTitles":["Restaurant architecture proof (Phase 1)"],"duration":2,"failing":false,"failureDetails":[],"failureMessages":[],"fullName":"Restaurant architecture proof (Phase 1) Phase 2.1 kitchen board + status advance exist","invocations":1,"location":null,"numPassingAsserts":8,"retryReasons":[],"startAt":1784918751344,"status":"passed","title":"Phase 2.1 kitchen board + status advance exist"},{"ancestorTitles":["Restaurant architecture proof (Phase 1)"],"duration":5,"failing":false,"failureDetails":[],"failureMessages":[],"fullName":"Restaurant architecture proof (Phase 1) Phase 2.2 station registry routes KOT printers","invocations":1,"location":null,"numPassingAsserts":8,"retryReasons":[],"startAt":1784918751346,"status":"passed","title":"Phase 2.2 station registry routes KOT printers"},{"ancestorTitles":["Restaurant architecture proof (Phase 1)"],"duration":3,"failing":false,"failureDetails":[],"failureMessages":[],"fullName":"Restaurant architecture proof (Phase 1) Phase 2.3 takeaway/delivery guest details on checks","invocations":1,"location":null,"numPassingAsserts":8,"retryReasons":[],"startAt":1784918751352,"status":"passed","title":"Phase 2.3 takeaway/delivery guest details on checks"},{"ancestorTitles":["Restaurant architecture proof (Phase 1)"],"duration":3,"failing":false,"failureDetails":[],"failureMessages":[],"fullName":"Restaurant architecture proof (Phase 1) Phase 2.4 waiter assignment uses pos_orders.waiter_id","invocations":1,"location":null,"numPassingAsserts":9,"retryReasons":[],"startAt":1784918751355,"status":"passed","title":"Phase 2.4 waiter assignment uses pos_orders.waiter_id"},{"ancestorTitles":["Restaurant architecture proof (Phase 1)"],"duration":4,"failing":false,"failureDetails":[],"failureMessages":[],"fullName":"Restaurant architecture proof (Phase 1) Phase 3 recipes/BOM explode into createSale FEFO (not KOT)","invocations":1,"location":null,"numPassingAsserts":10,"retryReasons":[],"startAt":1784918751358,"status":"passed","title":"Phase 3 recipes/BOM explode into createSale FEFO (not KOT)"},{"ancestorTitles":["Restaurant architecture proof (Phase 1)"],"duration":2,"failing":false,"failureDetails":[],"failureMessages":[],"fullName":"Restaurant architecture proof (Phase 1) Phase 4 split/merge/transfer reuse pos_orders","invocations":1,"location":null,"numPassingAsserts":12,"retryReasons":[],"startAt":1784918751362,"status":"passed","title":"Phase 4 split/merge/transfer reuse pos_orders"},{"ancestorTitles":["Restaurant architecture proof (Phase 1)"],"duration":4,"failing":false,"failureDetails":[],"failureMessages":[],"fullName":"Restaurant architecture proof (Phase 1) Phase 5.1 restaurant offline uses existing event journal","invocations":1,"location":null,"numPassingAsserts":14,"retryReasons":[],"startAt":1784918751364,"status":"passed","title":"Phase 5.1 restaurant offline uses existing event journal"},{"ancestorTitles":["Restaurant architecture proof (Phase 1)"],"duration":3,"failing":false,"failureDetails":[],"failureMessages":[],"fullName":"Restaurant architecture proof (Phase 1) Phase 5.2 offline cash pay uses SALE_COMPLETED + releases table on replay","invocations":1,"location":null,"numPassingAsserts":11,"retryReasons":[],"startAt":1784918751368,"status":"passed","title":"Phase 5.2 offline cash pay uses SALE_COMPLETED + releases table on replay"},{"ancestorTitles":["Restaurant architecture proof (Phase 1)"],"duration":2,"failing":false,"failureDetails":[],"failureMessages":[],"fullName":"Restaurant architecture proof (Phase 1) Phase 5.3 offline cancel, waiter assign, crash restore from journal","invocations":1,"location":null,"numPassingAsserts":11,"retryReasons":[],"startAt":1784918751372,"status":"passed","title":"Phase 5.3 offline cancel, waiter assign, crash restore from journal"},{"ancestorTitles":["Restaurant architecture proof (Phase 1)"],"duration":3,"failing":false,"failureDetails":[],"failureMessages":[],"fullName":"Restaurant architecture proof (Phase 1) Phase 5.4 offline split/merge/transfer reuse journal + Phase 4 service","invocations":1,"location":null,"numPassingAsserts":20,"retryReasons":[],"startAt":1784918751374,"status":"passed","title":"Phase 5.4 offline split/merge/transfer reuse journal + Phase 4 service"},{"ancestorTitles":["Restaurant architecture proof (Phase 1)"],"duration":2,"failing":false,"failureDetails":[],"failureMessages":[],"fullName":"Restaurant architecture proof (Phase 1) Phase 5.5 LAN KDS uses journal board + BroadcastChannel (no cloud dependency)","invocations":1,"location":null,"numPassingAsserts":12,"retryReasons":[],"startAt":1784918751378,"status":"passed","title":"Phase 5.5 LAN KDS uses journal board + BroadcastChannel (no cloud dependency)"},{"ancestorTitles":["Restaurant architecture proof (Phase 1)"],"duration":2,"failing":false,"failureDetails":[],"failureMessages":[],"fullName":"Restaurant architecture proof (Phase 1) error integrity: restaurant sync failures surface REVIEW/FAILED (not swallowed)","invocations":1,"location":null,"numPassingAsserts":10,"retryReasons":[],"startAt":1784918751380,"status":"passed","title":"error integrity: restaurant sync failures surface REVIEW/FAILED (not swallowed)"},{"ancestorTitles":["Restaurant architecture proof (Phase 1)"],"duration":1,"failing":false,"failureDetails":[],"failureMessages":[],"fullName":"Restaurant architecture proof (Phase 1) system settings DTO includes restaurantModeEnabled","invocations":1,"location":null,"numPassingAsserts":2,"retryReasons":[],"startAt":1784918751382,"status":"passed","title":"system settings DTO includes restaurantModeEnabled"},{"ancestorTitles":["Restaurant architecture proof (Phase 1)"],"duration":2,"failing":false,"failureDetails":[],"failureMessages":[],"fullName":"Restaurant architecture proof (Phase 1) module files exist","invocations":1,"location":null,"numPassingAsserts":6,"retryReasons":[],"startAt":1784918751383,"status":"passed","title":"module files exist"}],"endTime":1784918751389,"message":"","name":"C:\\Users\\Chase\\source\\repos\\SamplePOS\\SamplePOS.Server\\src\\modules\\restaurant\\restaurantArchitectureProof.test.ts","startTime":1784918750877,"status":"passed","summary":""}],"wasInterrupted":false}
